Arguments: 
  C:\Program Files\nodejs\node.exe C:\Users\jhaul\AppData\Roaming\npm\node_modules\yarn\bin\yarn.js add webpack webpack-cli -D

PATH: 
  C:\Program Files\Git\mingw64\bin;C:\Program Files\Git\usr\bin;C:\Users\jhaul\bin;C:\Python39\Scripts;C:\Python39;C:\Python38\Scripts;C:\Python38;C:\Apache\Apache24\bin;C:\Windows;C:\Windows\System32\Wbem;C:\Windows\System32\WindowsPowerShell\v1.0;C:\Windows\System32\OpenSSH;C:\Program Files (x86)\ATI Technologies\ATI.ACE\Core-Static;C:\Program Files (x86)\mingw-w64\i686-8.1.0-posix-dwarf-rt_v6-rev0\mingw32\bin;C:\Program Files (x86)\Brackets\command;C:\Users\jhaul\AppData\Roaming\Python\Python37\site-packages\pylint;C:\Program Files\dotnet;C:\ProgramData\chocolatey\bin;C:\Users\jhaul\AppData\Roaming\npm;C:\Program Files\CodeBlocks\MinGW\bin;C:\Program Files (x86)\Calibre2;C:\Program Files\MongoDB\Server\4.4\bin;C:\Windows\System32;C:\Program Files\heroku\bin;C:\Program Files\Git\cmd;C:\Program Files\nodejs;C:\Users\jhaul\AppData\Local\Programs\Python\Python37-32\Scripts;C:\Users\jhaul\AppData\Local\Programs\Python\Python37-32;C:\Users\jhaul\AppData\Local\Microsoft\WindowsApps;C:\Users\jhaul\AppData\Local\Programs\Microsoft VS Code\bin;C:\Program Files (x86)\mingw-w64\i686-8.1.0-posix-dwarf-rt_v6-rev0\mingw32\bin;C:\Program Files\heroku\bin;C:\Users\jhaul\AppData\Roaming\npm;C:\Users\jhaul\AppData\Local\Yarn\bin;C:\Users\jhaul\AppData\Local\Yarn

Yarn version: 
  1.22.10

Node version: 
  14.15.5

Platform: 
  win32 x64

Trace: 
  Error: https://registry.yarnpkg.com/webpack: ESOCKETTIMEDOUT
      at ClientRequest.<anonymous> (C:\Users\jhaul\AppData\Roaming\npm\node_modules\yarn\lib\cli.js:141289:19)
      at Object.onceWrapper (events.js:421:28)
      at ClientRequest.emit (events.js:315:20)
      at TLSSocket.emitRequestTimeout (_http_client.js:784:9)
      at Object.onceWrapper (events.js:421:28)
      at TLSSocket.emit (events.js:327:22)
      at TLSSocket.Socket._onTimeout (net.js:483:8)
      at listOnTimeout (internal/timers.js:554:17)
      at processTimers (internal/timers.js:497:7)

npm manifest: 
  {
    "name": "mySecond",
    "version": "1.0.0",
    "description": "",
    "main": "index.js",
    "scripts": {
      "start": "ts-node-dev sr/index.ts --transpile-only --rs"
    },
    "keywords": [],
    "author": "",
    "license": "ISC",
    "devDependencies": {},
    "dependencies": {
      "@types/faker": "^5.1.7",
      "faker": "^5.4.0"
    }
  }

yarn manifest: 
  No manifest

Lockfile: 
  # THIS IS AN AUTOGENERATED FILE. DO NOT EDIT THIS FILE DIRECTLY.
  # yarn lockfile v1
  
  
  "@types/faker@^5.1.7":
    version "5.1.7"
    resolved "https://registry.yarnpkg.com/@types/faker/-/faker-5.1.7.tgz#1c3f0655f6e912f5578ce40baa941ab8705fc0ef"
    integrity sha512-ByseCEyhb+64fapaFR/yASUfAU+Ia4LpCnHhoNMQJFSIBvbtFoEZQB0elwrSF/idpKL5OZvmZhCCukGV8Zi22w==
  
  faker@^5.4.0:
    version "5.4.0"
    resolved "https://registry.yarnpkg.com/faker/-/faker-5.4.0.tgz#f18e55993c6887918182b003d163df14daeb3011"
    integrity sha512-Y9n/Ky/xZx/Bj8DePvXspUYRtHl/rGQytoIT5LaxmNwSe3wWyOeOXb3lT6Dpipq240PVpeFaGKzScz/5fvff2g==
